
[20:36:12.452] Working directory set to: C:\Program Files\VisionMaster4.4.0\Applications
[20:36:12.455] VmCalibHelper starting on port 9101
[20:36:12.463] Loading VM solution: C:\Users\Dennis WS\Gantry Robot\VMSolutions\checkerboard_calib.sol
[20:36:12.487] Resolved assembly: Apps.BaseLog.dll from C:\Program Files\VisionMaster4.4.0\Applications\myLibs
[20:36:12.558] Resolved assembly: UIVersionControlManager.dll from C:\Program Files\VisionMaster4.4.0\Applications\PublicFile\x64
[20:36:12.938] Resolved assembly: VM.Framework.Container.dll from C:\Program Files\VisionMaster4.4.0\Applications\myLibs
[20:36:13.792] Resolved assembly: Apps.ErrorCode.dll from C:\Program Files\VisionMaster4.4.0\Applications\myLibs
[20:36:13.797] VM solution loaded successfully.
[20:36:13.798] TCP server listening on 127.0.0.1:9101
[20:36:13.925] Client connected.
[20:36:13.926] Received: PING
[20:36:13.926] Sent: PONG
[20:36:13.927] Received: STATUS
[20:36:13.927] Sent: OK|LOADED
[20:36:13.927] Received: STATUS
[20:36:13.928] Sent: OK|LOADED
[21:00:02.355] Working directory set to: C:\Program Files\VisionMaster4.4.0\Applications
[21:00:02.359] VmCalibHelper starting on port 9101
[21:00:02.368] Loading VM solution: C:\Users\Dennis WS\Gantry Robot\VMSolutions\checkerboard_calib.sol
[21:00:02.393] Resolved assembly: Apps.BaseLog.dll from C:\Program Files\VisionMaster4.4.0\Applications\myLibs
[21:00:02.466] Resolved assembly: UIVersionControlManager.dll from C:\Program Files\VisionMaster4.4.0\Applications\PublicFile\x64
[21:00:02.910] Resolved assembly: VM.Framework.Container.dll from C:\Program Files\VisionMaster4.4.0\Applications\myLibs
[21:00:03.721] Resolved assembly: Apps.ErrorCode.dll from C:\Program Files\VisionMaster4.4.0\Applications\myLibs
[21:00:03.726] VM solution loaded successfully.
[21:00:03.727] TCP server listening on 127.0.0.1:9101
[21:00:03.825] Client connected.
[21:00:03.826] Received: PING
[21:00:03.827] Sent: PONG
[21:00:03.828] Received: STATUS
[21:00:03.828] Sent: OK|LOADED
[21:00:03.828] Received: STATUS
[21:00:03.829] Sent: OK|LOADED
[21:00:35.698] Received: DETECT_GRID:C:\Users\Dennis WS\AppData\Local\Temp\VisionBridge\calib_frame.bmp,59,59,1
[21:00:35.774] Resolved assembly: System.Windows.Interactivity.dll from C:\Program Files\VisionMaster4.4.0\Development\V4.x\ComControls\Assembly
[21:00:35.837] Resolved assembly: VM.CommonData.dll from C:\Program Files\VisionMaster4.4.0\Applications\myLibs
[21:00:36.109] Set ImageSourceType = LocalImage (typed)
[21:00:36.111] Called SetImagePath(C:\Users\Dennis WS\AppData\Local\Temp\VisionBridge\calib_frame.bmp) (typed)
[21:00:36.112] Running procedure '流程1'...
[21:00:36.119] Resolved assembly: iMVS-6000PlatformSDKCS.dll from C:\Program Files\VisionMaster4.4.0\Applications\PublicFile\x64
[21:00:37.269] CalibBoard status=1, corners=2388, RMS=0.1462, Scale=15.25
[21:00:37.270] Detected 2388 corners, RMS=0.1462mm, Scale=15.25px/mm
[21:00:37.271]   TranslateX=1670.2820 TranslateY=1121.9550
[21:00:37.271]   Rotate=0.006720 Skew=-0.004139 Aspect=0.991376
[21:00:37.271]   Origin=(0.000,0.000)
[21:00:37.271]   PosXVec=(0.999997,0.002497)
[21:00:37.271]   PosYVec=(-0.001299,0.999999)
[21:00:37.271]   PixelPrecision=0.0657
[21:00:37.273] Corner V range: 1137.3 to 1863.9 (span=726.6px)
[21:00:37.279] Sent: OK|2388|0.146201|15.251020|TX:1670.282000|TY:1121.955000|ROT:0.00671954|SKEW:-0.00413877|ASPECT:0.99137620|OX:0.0000|OY:...
[21:16:24.080] Working directory set to: C:\Program Files\VisionMaster4.4.0\Applications
[21:16:24.085] VmCalibHelper starting on port 9101
[21:16:24.095] Loading VM solution: C:\Users\Dennis WS\Gantry Robot\VMSolutions\checkerboard_calib.sol
[21:16:24.121] Resolved assembly: Apps.BaseLog.dll from C:\Program Files\VisionMaster4.4.0\Applications\myLibs
[21:16:24.201] Resolved assembly: UIVersionControlManager.dll from C:\Program Files\VisionMaster4.4.0\Applications\PublicFile\x64
[21:16:24.673] Resolved assembly: VM.Framework.Container.dll from C:\Program Files\VisionMaster4.4.0\Applications\myLibs
[21:16:25.426] Resolved assembly: Apps.ErrorCode.dll from C:\Program Files\VisionMaster4.4.0\Applications\myLibs
[21:16:25.430] VM solution loaded successfully.
[21:16:25.431] TCP server listening on 127.0.0.1:9101
[21:16:25.549] Client connected.
[21:16:25.550] Received: PING
[21:16:25.551] Sent: PONG
[21:16:25.551] Received: STATUS
[21:16:25.552] Sent: OK|LOADED
[21:16:25.552] Received: STATUS
[21:16:25.552] Sent: OK|LOADED
[21:17:26.275] Received: DETECT_GRID:C:\Users\Dennis WS\AppData\Local\Temp\VisionBridge\calib_frame.bmp,59,59,1
[21:17:26.364] Resolved assembly: System.Windows.Interactivity.dll from C:\Program Files\VisionMaster4.4.0\Development\V4.x\ComControls\Assembly
[21:17:26.425] Resolved assembly: VM.CommonData.dll from C:\Program Files\VisionMaster4.4.0\Applications\myLibs
[21:17:26.701] Set ImageSourceType = LocalImage (typed)
[21:17:26.701] Called SetImagePath(C:\Users\Dennis WS\AppData\Local\Temp\VisionBridge\calib_frame.bmp) (typed)
[21:17:26.703] Running procedure '流程1'...
[21:17:26.710] Resolved assembly: iMVS-6000PlatformSDKCS.dll from C:\Program Files\VisionMaster4.4.0\Applications\PublicFile\x64
[21:17:27.865] CalibBoard status=1, corners=2388, RMS=0.1429, Scale=15.25
[21:17:27.865] Detected 2388 corners, RMS=0.1429mm, Scale=15.25px/mm
[21:17:27.865]   TranslateX=1670.1550 TranslateY=1121.9290
[21:17:27.865]   Rotate=0.006644 Skew=-0.004072 Aspect=0.991412
[21:17:27.866]   Origin=(0.000,0.000)
[21:17:27.866]   PosXVec=(0.999997,0.002457)
[21:17:27.866]   PosYVec=(-0.001323,0.999999)
[21:17:27.866]   PixelPrecision=0.0657
[21:17:27.867] Corner V range: 1137.3 to 1863.8 (span=726.5px)
[21:17:27.871] Sent: OK|2388|0.142883|15.249490|TX:1670.155000|TY:1121.929000|ROT:0.00664361|SKEW:-0.00407164|ASPECT:0.99141190|OX:0.0000|OY:...
[21:17:41.152] Received: DETECT_GRID:C:\Users\Dennis WS\AppData\Local\Temp\VisionBridge\calib_frame.bmp,59,59,1
[21:17:41.153] Set ImageSourceType = LocalImage (typed)
[21:17:41.153] Called SetImagePath(C:\Users\Dennis WS\AppData\Local\Temp\VisionBridge\calib_frame.bmp) (typed)
[21:17:41.155] Running procedure '流程1'...
[21:17:41.818] CalibBoard status=1, corners=745, RMS=0.1568, Scale=15.19
[21:17:41.818] Detected 745 corners, RMS=0.1568mm, Scale=15.19px/mm
[21:17:41.819]   TranslateX=1670.2020 TranslateY=1228.0290
[21:17:41.819]   Rotate=0.003505 Skew=-0.002246 Aspect=0.996716
[21:17:41.819]   Origin=(0.000,0.000)
[21:17:41.819]   PosXVec=(0.999999,0.001483)
[21:17:41.820]   PosYVec=(-0.001129,0.999999)
[21:17:41.820]   PixelPrecision=0.0659
[21:17:41.820] Corner V range: 1243.9 to 1773.5 (span=529.6px)
[21:17:41.821] Sent: OK|745|0.156780|15.188790|TX:1670.202000|TY:1228.029000|ROT:0.00350543|SKEW:-0.00224565|ASPECT:0.99671560|OX:0.0000|OY:0...
[21:18:07.161] Received: DETECT_GRID:C:\Users\Dennis WS\AppData\Local\Temp\VisionBridge\calib_frame.bmp,59,59,1
[21:18:07.161] Set ImageSourceType = LocalImage (typed)
[21:18:07.163] Called SetImagePath(C:\Users\Dennis WS\AppData\Local\Temp\VisionBridge\calib_frame.bmp) (typed)
[21:18:07.163] Running procedure '流程1'...
[21:18:08.307] CalibBoard status=1, corners=2388, RMS=0.1446, Scale=15.25
[21:18:08.307] Detected 2388 corners, RMS=0.1446mm, Scale=15.25px/mm
[21:18:08.307]   TranslateX=1670.2640 TranslateY=1121.9250
[21:18:08.308]   Rotate=0.006697 Skew=-0.004065 Aspect=0.991274
[21:18:08.308]   Origin=(0.000,0.000)
[21:18:08.308]   PosXVec=(0.999997,0.002473)
[21:18:08.308]   PosYVec=(-0.001339,0.999999)
[21:18:08.309]   PixelPrecision=0.0657
[21:18:08.309] Corner V range: 1137.3 to 1863.8 (span=726.5px)
[21:18:08.312] Sent: OK|2388|0.144641|15.251260|TX:1670.264000|TY:1121.925000|ROT:0.00669671|SKEW:-0.00406536|ASPECT:0.99127390|OX:0.0000|OY:...
[21:34:35.976] Client error: Unable to read data from the transport connection: An existing connection was forcibly closed by the remote host.
[21:34:35.976] Client disconnected.
[21:34:47.315] Working directory set to: C:\Program Files\VisionMaster4.4.0\Applications
[21:34:47.320] VmCalibHelper starting on port 9101
[21:34:47.333] Loading VM solution: C:\Users\Dennis WS\Gantry Robot\VMSolutions\checkerboard_calib.sol
[21:34:47.360] Resolved assembly: Apps.BaseLog.dll from C:\Program Files\VisionMaster4.4.0\Applications\myLibs
[21:34:47.441] Resolved assembly: UIVersionControlManager.dll from C:\Program Files\VisionMaster4.4.0\Applications\PublicFile\x64
[21:34:47.778] Client connected.
[21:34:47.779] Received: PING
[21:34:47.780] Sent: PONG
[21:34:47.781] Received: STATUS
[21:34:47.782] Sent: OK|LOADED
[21:34:47.782] Received: STATUS
[21:34:47.782] Sent: OK|LOADED
[21:34:47.914] Resolved assembly: VM.Framework.Container.dll from C:\Program Files\VisionMaster4.4.0\Applications\myLibs
[21:34:48.771] Resolved assembly: Apps.ErrorCode.dll from C:\Program Files\VisionMaster4.4.0\Applications\myLibs
[21:34:48.782] VM solution loaded successfully.
[21:39:51.435] Working directory set to: C:\Program Files\VisionMaster4.4.0\Applications
[21:39:51.438] VmCalibHelper starting on port 9101
[21:39:51.445] Loading VM solution: C:\Users\Dennis WS\Gantry Robot\VMSolutions\checkerboard_calib.sol
[21:39:51.468] Resolved assembly: Apps.BaseLog.dll from C:\Program Files\VisionMaster4.4.0\Applications\myLibs
[21:39:51.544] Resolved assembly: UIVersionControlManager.dll from C:\Program Files\VisionMaster4.4.0\Applications\PublicFile\x64
[21:39:51.907] Client disconnected.
[21:39:51.907] Client connected.
[21:39:51.907] Received: PING
[21:39:51.907] Sent: PONG
[21:39:51.908] Received: STATUS
[21:39:51.908] Sent: OK|LOADED
[21:39:52.009] Resolved assembly: VM.Framework.Container.dll from C:\Program Files\VisionMaster4.4.0\Applications\myLibs
[21:39:52.020] Received: DETECT_GRID:C:\Users\Dennis WS\AppData\Local\Temp\VisionBridge\calib_frame.bmp,59,59,1
[21:39:52.021] Set ImageSourceType = LocalImage (typed)
[21:39:52.023] Called SetImagePath(C:\Users\Dennis WS\AppData\Local\Temp\VisionBridge\calib_frame.bmp) (typed)
[21:39:52.024] Running procedure '流程1'...
[21:39:52.777] Resolved assembly: Apps.ErrorCode.dll from C:\Program Files\VisionMaster4.4.0\Applications\myLibs
[21:39:52.783] VM solution loaded successfully.
[21:39:53.216] CalibBoard status=1, corners=2389, RMS=0.1437, Scale=15.26
[21:39:53.217] Detected 2389 corners, RMS=0.1437mm, Scale=15.26px/mm
[21:39:53.217]   TranslateX=1670.2280 TranslateY=1121.6070
[21:39:53.217]   Rotate=0.006603 Skew=-0.003983 Aspect=0.991380
[21:39:53.217]   Origin=(0.000,0.000)
[21:39:53.218]   PosXVec=(0.999997,0.002448)
[21:39:53.218]   PosYVec=(-0.001330,0.999999)
[21:39:53.218]   PixelPrecision=0.0656
[21:39:53.218] Corner V range: 1137.0 to 1863.9 (span=726.9px)
[21:39:53.222] Sent: OK|2389|0.143689|15.257570|TX:1670.228000|TY:1121.607000|ROT:0.00660277|SKEW:-0.00398292|ASPECT:0.99137960|OX:0.0000|OY:...
[21:44:08.845] Client error: Unable to read data from the transport connection: An existing connection was forcibly closed by the remote host.
[21:44:08.845] Client disconnected.
[21:44:20.248] Working directory set to: C:\Program Files\VisionMaster4.4.0\Applications
[21:44:20.253] VmCalibHelper starting on port 9101
[21:44:20.268] Loading VM solution: C:\Users\Dennis WS\Gantry Robot\VMSolutions\checkerboard_calib.sol
[21:44:20.299] Resolved assembly: Apps.BaseLog.dll from C:\Program Files\VisionMaster4.4.0\Applications\myLibs
[21:44:20.390] Resolved assembly: UIVersionControlManager.dll from C:\Program Files\VisionMaster4.4.0\Applications\PublicFile\x64
[21:44:20.709] Client connected.
[21:44:20.711] Received: PING
[21:44:20.711] Sent: PONG
[21:44:20.712] Received: STATUS
[21:44:20.712] Sent: OK|LOADED
[21:44:20.712] Received: STATUS
[21:44:20.712] Sent: OK|LOADED
[21:44:20.875] Resolved assembly: VM.Framework.Container.dll from C:\Program Files\VisionMaster4.4.0\Applications\myLibs
[21:44:21.655] Resolved assembly: Apps.ErrorCode.dll from C:\Program Files\VisionMaster4.4.0\Applications\myLibs
[21:44:21.660] VM solution loaded successfully.
[21:51:26.222] Working directory set to: C:\Program Files\VisionMaster4.4.0\Applications
[21:51:26.225] VmCalibHelper starting on port 9101
[21:51:26.242] Loading VM solution: C:\Users\Dennis WS\Gantry Robot\VMSolutions\checkerboard_calib.sol
[21:51:26.271] Resolved assembly: Apps.BaseLog.dll from C:\Program Files\VisionMaster4.4.0\Applications\myLibs
[21:51:26.345] Resolved assembly: UIVersionControlManager.dll from C:\Program Files\VisionMaster4.4.0\Applications\PublicFile\x64
[21:51:26.693] Client disconnected.
[21:51:26.693] Client connected.
[21:51:26.693] Received: PING
[21:51:26.694] Sent: PONG
[21:51:26.694] Received: STATUS
[21:51:26.694] Sent: OK|LOADED
[21:51:26.804] Resolved assembly: VM.Framework.Container.dll from C:\Program Files\VisionMaster4.4.0\Applications\myLibs
[21:51:26.809] Received: DETECT_GRID:C:\Users\Dennis WS\AppData\Local\Temp\VisionBridge\calib_frame.bmp,59,59,1
[21:51:26.810] Set ImageSourceType = LocalImage (typed)
[21:51:26.810] Called SetImagePath(C:\Users\Dennis WS\AppData\Local\Temp\VisionBridge\calib_frame.bmp) (typed)
[21:51:26.812] Running procedure '流程1'...
[21:51:27.425] CalibBoard status=0, corners=0, RMS=0.0000, Scale=0.00
[21:51:27.425] Detected 0 corners, RMS=0.0000mm, Scale=0.00px/mm
[21:51:27.425]   TranslateX=0.0000 TranslateY=0.0000
[21:51:27.425]   Rotate=0.000000 Skew=0.000000 Aspect=0.000000
[21:51:27.427]   Origin=(0.000,0.000)
[21:51:27.427]   PosXVec=(0.000000,0.000000)
[21:51:27.427]   PosYVec=(0.000000,0.000000)
[21:51:27.427]   PixelPrecision=0.0000
[21:51:27.427] Sent: OK|0|0.000000|0.000000|TX:0.000000|TY:0.000000|ROT:0.00000000|SKEW:0.00000000|ASPECT:0.00000000|OX:0.0000|OY:0.0000|XXV:...
[21:51:27.671] Resolved assembly: Apps.ErrorCode.dll from C:\Program Files\VisionMaster4.4.0\Applications\myLibs
[21:51:27.677] VM solution loaded successfully.
[23:09:07.164] Client error: Unable to read data from the transport connection: An existing connection was forcibly closed by the remote host.
[23:09:07.164] Client disconnected.
[23:09:38.498] Working directory set to: C:\Program Files\VisionMaster4.4.0\Applications
[23:09:38.502] VmCalibHelper starting on port 9101
[23:09:38.511] Loading VM solution: C:\Users\Dennis WS\Gantry Robot\VMSolutions\checkerboard_calib.sol
[23:09:38.539] Resolved assembly: Apps.BaseLog.dll from C:\Program Files\VisionMaster4.4.0\Applications\myLibs
[23:09:38.616] Resolved assembly: UIVersionControlManager.dll from C:\Program Files\VisionMaster4.4.0\Applications\PublicFile\x64
[23:09:38.950] Client connected.
[23:09:38.950] Received: PING
[23:09:38.950] Sent: PONG
[23:09:38.951] Received: STATUS
[23:09:38.951] Sent: OK|LOADED
[23:09:38.951] Received: STATUS
[23:09:38.951] Sent: OK|LOADED
[23:09:39.058] Resolved assembly: VM.Framework.Container.dll from C:\Program Files\VisionMaster4.4.0\Applications\myLibs
[23:09:39.856] Resolved assembly: Apps.ErrorCode.dll from C:\Program Files\VisionMaster4.4.0\Applications\myLibs
[23:09:39.862] VM solution loaded successfully.
[23:17:52.679] Client error: Unable to read data from the transport connection: An existing connection was forcibly closed by the remote host.
[23:17:52.679] Client disconnected.
[23:18:04.242] Working directory set to: C:\Program Files\VisionMaster4.4.0\Applications
[23:18:04.246] VmCalibHelper starting on port 9101
[23:18:04.265] Loading VM solution: C:\Users\Dennis WS\Gantry Robot\VMSolutions\checkerboard_calib.sol
[23:18:04.297] Resolved assembly: Apps.BaseLog.dll from C:\Program Files\VisionMaster4.4.0\Applications\myLibs
[23:18:04.398] Resolved assembly: UIVersionControlManager.dll from C:\Program Files\VisionMaster4.4.0\Applications\PublicFile\x64
[23:18:04.699] Client connected.
[23:18:04.699] Received: PING
[23:18:04.700] Sent: PONG
[23:18:04.702] Received: STATUS
[23:18:04.703] Sent: OK|LOADED
[23:18:04.703] Received: STATUS
[23:18:04.703] Sent: OK|LOADED
[23:18:04.878] Resolved assembly: VM.Framework.Container.dll from C:\Program Files\VisionMaster4.4.0\Applications\myLibs
[23:18:05.675] Resolved assembly: Apps.ErrorCode.dll from C:\Program Files\VisionMaster4.4.0\Applications\myLibs
[23:18:05.680] VM solution loaded successfully.
[23:24:05.941] Client error: Unable to read data from the transport connection: An existing connection was forcibly closed by the remote host.
[23:24:05.942] Client disconnected.
[23:24:17.339] Working directory set to: C:\Program Files\VisionMaster4.4.0\Applications
[23:24:17.342] VmCalibHelper starting on port 9101
[23:24:17.355] Loading VM solution: C:\Users\Dennis WS\Gantry Robot\VMSolutions\checkerboard_calib.sol
[23:24:17.385] Resolved assembly: Apps.BaseLog.dll from C:\Program Files\VisionMaster4.4.0\Applications\myLibs
[23:24:17.463] Resolved assembly: UIVersionControlManager.dll from C:\Program Files\VisionMaster4.4.0\Applications\PublicFile\x64
[23:24:17.805] Client connected.
[23:24:17.806] Received: PING
[23:24:17.806] Sent: PONG
[23:24:17.807] Received: STATUS
[23:24:17.807] Sent: OK|LOADED
[23:24:17.807] Received: STATUS
[23:24:17.808] Sent: OK|LOADED
[23:24:17.956] Resolved assembly: VM.Framework.Container.dll from C:\Program Files\VisionMaster4.4.0\Applications\myLibs
[23:24:18.701] Resolved assembly: Apps.ErrorCode.dll from C:\Program Files\VisionMaster4.4.0\Applications\myLibs
[23:24:18.707] VM solution loaded successfully.
[23:28:53.877] Client error: Unable to read data from the transport connection: An existing connection was forcibly closed by the remote host.
[23:28:53.877] Client disconnected.
[23:29:05.214] Working directory set to: C:\Program Files\VisionMaster4.4.0\Applications
[23:29:05.217] VmCalibHelper starting on port 9101
[23:29:05.231] Loading VM solution: C:\Users\Dennis WS\Gantry Robot\VMSolutions\checkerboard_calib.sol
[23:29:05.260] Resolved assembly: Apps.BaseLog.dll from C:\Program Files\VisionMaster4.4.0\Applications\myLibs
[23:29:05.342] Resolved assembly: UIVersionControlManager.dll from C:\Program Files\VisionMaster4.4.0\Applications\PublicFile\x64
[23:29:05.679] Client connected.
[23:29:05.679] Received: PING
[23:29:05.679] Sent: PONG
[23:29:05.680] Received: STATUS
[23:29:05.680] Sent: OK|LOADED
[23:29:05.680] Received: STATUS
[23:29:05.681] Sent: OK|LOADED
[23:29:05.775] Resolved assembly: VM.Framework.Container.dll from C:\Program Files\VisionMaster4.4.0\Applications\myLibs
[23:29:06.570] Resolved assembly: Apps.ErrorCode.dll from C:\Program Files\VisionMaster4.4.0\Applications\myLibs
[23:29:06.581] VM solution loaded successfully.
[23:30:31.929] Client error: Unable to read data from the transport connection: An existing connection was forcibly closed by the remote host.
[23:30:31.930] Client disconnected.
[23:30:43.227] Working directory set to: C:\Program Files\VisionMaster4.4.0\Applications
[23:30:43.230] VmCalibHelper starting on port 9101
[23:30:43.237] Loading VM solution: C:\Users\Dennis WS\Gantry Robot\VMSolutions\checkerboard_calib.sol
[23:30:43.261] Resolved assembly: Apps.BaseLog.dll from C:\Program Files\VisionMaster4.4.0\Applications\myLibs
[23:30:43.331] Resolved assembly: UIVersionControlManager.dll from C:\Program Files\VisionMaster4.4.0\Applications\PublicFile\x64
[23:30:43.699] Client connected.
[23:30:43.700] Received: PING
[23:30:43.700] Sent: PONG
[23:30:43.701] Received: STATUS
[23:30:43.701] Sent: OK|LOADED
[23:30:43.701] Received: STATUS
[23:30:43.701] Sent: OK|LOADED
[23:30:43.781] Resolved assembly: VM.Framework.Container.dll from C:\Program Files\VisionMaster4.4.0\Applications\myLibs
[23:30:44.546] Resolved assembly: Apps.ErrorCode.dll from C:\Program Files\VisionMaster4.4.0\Applications\myLibs
[23:30:44.553] VM solution loaded successfully.
[23:34:46.153] Working directory set to: C:\Program Files\VisionMaster4.4.0\Applications
[23:34:46.158] VmCalibHelper starting on port 9101
[23:34:46.171] Loading VM solution: C:\Users\Dennis WS\Gantry Robot\VMSolutions\checkerboard_calib.sol
[23:34:46.198] Resolved assembly: Apps.BaseLog.dll from C:\Program Files\VisionMaster4.4.0\Applications\myLibs
[23:34:46.280] Resolved assembly: UIVersionControlManager.dll from C:\Program Files\VisionMaster4.4.0\Applications\PublicFile\x64
[23:34:46.793] Resolved assembly: VM.Framework.Container.dll from C:\Program Files\VisionMaster4.4.0\Applications\myLibs
[23:34:47.531] Resolved assembly: Apps.ErrorCode.dll from C:\Program Files\VisionMaster4.4.0\Applications\myLibs
[23:34:47.535] VM solution loaded successfully.
[23:34:47.536] TCP server listening on 127.0.0.1:9101
[23:34:47.616] Client connected.
[23:34:47.618] Received: PING
[23:34:47.618] Sent: PONG
[23:34:47.619] Received: STATUS
[23:34:47.619] Sent: OK|LOADED
[23:34:47.620] Received: STATUS
[23:34:47.620] Sent: OK|LOADED
[23:37:53.055] Client error: Unable to read data from the transport connection: An existing connection was forcibly closed by the remote host.
[23:37:53.055] Client disconnected.
[23:38:04.375] Working directory set to: C:\Program Files\VisionMaster4.4.0\Applications
[23:38:04.378] VmCalibHelper starting on port 9101
[23:38:04.387] Loading VM solution: C:\Users\Dennis WS\Gantry Robot\VMSolutions\checkerboard_calib.sol
[23:38:04.413] Resolved assembly: Apps.BaseLog.dll from C:\Program Files\VisionMaster4.4.0\Applications\myLibs
[23:38:04.492] Resolved assembly: UIVersionControlManager.dll from C:\Program Files\VisionMaster4.4.0\Applications\PublicFile\x64
[23:38:04.842] Client connected.
[23:38:04.842] Received: PING
[23:38:04.842] Sent: PONG
[23:38:04.843] Received: STATUS
[23:38:04.843] Sent: OK|LOADED
[23:38:04.844] Received: STATUS
[23:38:04.844] Sent: OK|LOADED
[23:38:04.900] Resolved assembly: VM.Framework.Container.dll from C:\Program Files\VisionMaster4.4.0\Applications\myLibs
[23:38:05.720] Resolved assembly: Apps.ErrorCode.dll from C:\Program Files\VisionMaster4.4.0\Applications\myLibs
[23:38:05.727] VM solution loaded successfully.
[23:51:06.269] Working directory set to: C:\Program Files\VisionMaster4.4.0\Applications
[23:51:06.272] VmCalibHelper starting on port 9101
[23:51:06.286] Loading VM solution: C:\Users\Dennis WS\Gantry Robot\VMSolutions\checkerboard_calib.sol
[23:51:06.315] Resolved assembly: Apps.BaseLog.dll from C:\Program Files\VisionMaster4.4.0\Applications\myLibs
[23:51:06.400] Resolved assembly: UIVersionControlManager.dll from C:\Program Files\VisionMaster4.4.0\Applications\PublicFile\x64
[23:51:06.808] Resolved assembly: VM.Framework.Container.dll from C:\Program Files\VisionMaster4.4.0\Applications\myLibs
[23:51:07.635] Resolved assembly: Apps.ErrorCode.dll from C:\Program Files\VisionMaster4.4.0\Applications\myLibs
[23:51:07.640] VM solution loaded successfully.
[23:51:07.643] TCP server listening on 127.0.0.1:9101
[23:51:07.722] Client connected.
[23:51:07.723] Received: PING
[23:51:07.723] Sent: PONG
[23:51:07.724] Received: STATUS
[23:51:07.724] Sent: OK|LOADED
[23:51:07.724] Received: STATUS
[23:51:07.725] Sent: OK|LOADED
[23:55:55.815] Working directory set to: C:\Program Files\VisionMaster4.4.0\Applications
[23:55:55.821] VmCalibHelper starting on port 9101
[23:55:55.836] Loading VM solution: C:\Users\Dennis WS\Gantry Robot\VMSolutions\checkerboard_calib.sol
[23:55:55.863] Resolved assembly: Apps.BaseLog.dll from C:\Program Files\VisionMaster4.4.0\Applications\myLibs
[23:55:55.948] Resolved assembly: UIVersionControlManager.dll from C:\Program Files\VisionMaster4.4.0\Applications\PublicFile\x64
[23:55:56.435] Resolved assembly: VM.Framework.Container.dll from C:\Program Files\VisionMaster4.4.0\Applications\myLibs
[23:55:57.235] Resolved assembly: Apps.ErrorCode.dll from C:\Program Files\VisionMaster4.4.0\Applications\myLibs
[23:55:57.240] VM solution loaded successfully.
[23:55:57.240] TCP server listening on 127.0.0.1:9101
[23:55:57.276] Client connected.
[23:55:57.277] Received: PING
[23:55:57.277] Sent: PONG
[23:55:57.278] Received: STATUS
[23:55:57.278] Sent: OK|LOADED
[23:55:57.278] Received: STATUS
[23:55:57.279] Sent: OK|LOADED
[23:57:58.505] Working directory set to: C:\Program Files\VisionMaster4.4.0\Applications
[23:57:58.510] VmCalibHelper starting on port 9101
[23:57:58.523] Loading VM solution: C:\Users\Dennis WS\Gantry Robot\VMSolutions\checkerboard_calib.sol
[23:57:58.553] Resolved assembly: Apps.BaseLog.dll from C:\Program Files\VisionMaster4.4.0\Applications\myLibs
[23:57:58.638] Resolved assembly: UIVersionControlManager.dll from C:\Program Files\VisionMaster4.4.0\Applications\PublicFile\x64
[23:57:59.142] Resolved assembly: VM.Framework.Container.dll from C:\Program Files\VisionMaster4.4.0\Applications\myLibs
[23:57:59.910] Resolved assembly: Apps.ErrorCode.dll from C:\Program Files\VisionMaster4.4.0\Applications\myLibs
[23:57:59.915] VM solution loaded successfully.
[23:57:59.916] TCP server listening on 127.0.0.1:9101
[23:57:59.966] Client connected.
[23:57:59.967] Received: PING
[23:57:59.968] Sent: PONG
[23:57:59.969] Received: STATUS
[23:57:59.969] Sent: OK|LOADED
[23:57:59.969] Received: STATUS
[23:57:59.969] Sent: OK|LOADED
[00:00:35.957] Working directory set to: C:\Program Files\VisionMaster4.4.0\Applications
[00:00:35.960] VmCalibHelper starting on port 9101
[00:00:35.973] Loading VM solution: C:\Users\Dennis WS\Gantry Robot\VMSolutions\checkerboard_calib.sol
[00:00:35.998] Resolved assembly: Apps.BaseLog.dll from C:\Program Files\VisionMaster4.4.0\Applications\myLibs
[00:00:36.078] Resolved assembly: UIVersionControlManager.dll from C:\Program Files\VisionMaster4.4.0\Applications\PublicFile\x64
[00:00:36.536] Resolved assembly: VM.Framework.Container.dll from C:\Program Files\VisionMaster4.4.0\Applications\myLibs
[00:00:37.329] Resolved assembly: Apps.ErrorCode.dll from C:\Program Files\VisionMaster4.4.0\Applications\myLibs
[00:00:37.336] VM solution loaded successfully.
[00:00:37.337] TCP server listening on 127.0.0.1:9101
[00:00:37.426] Client connected.
[00:00:37.427] Received: PING
[00:00:37.427] Sent: PONG
[00:00:37.429] Received: STATUS
[00:00:37.429] Sent: OK|LOADED
[00:00:37.429] Received: STATUS
[00:00:37.430] Sent: OK|LOADED
[00:02:58.633] Working directory set to: C:\Program Files\VisionMaster4.4.0\Applications
[00:02:58.636] VmCalibHelper starting on port 9101
[00:02:58.649] Loading VM solution: C:\Users\Dennis WS\Gantry Robot\VMSolutions\checkerboard_calib.sol
[00:02:58.676] Resolved assembly: Apps.BaseLog.dll from C:\Program Files\VisionMaster4.4.0\Applications\myLibs
[00:02:58.752] Resolved assembly: UIVersionControlManager.dll from C:\Program Files\VisionMaster4.4.0\Applications\PublicFile\x64
[00:02:59.147] Resolved assembly: VM.Framework.Container.dll from C:\Program Files\VisionMaster4.4.0\Applications\myLibs
[00:02:59.997] Resolved assembly: Apps.ErrorCode.dll from C:\Program Files\VisionMaster4.4.0\Applications\myLibs
[00:03:00.002] VM solution loaded successfully.
[00:03:00.003] TCP server listening on 127.0.0.1:9101
[00:03:00.098] Client connected.
[00:03:00.099] Received: PING
[00:03:00.099] Sent: PONG
[00:03:00.100] Received: STATUS
[00:03:00.100] Sent: OK|LOADED
[00:03:00.100] Received: STATUS
[00:03:00.101] Sent: OK|LOADED
[00:12:45.155] Working directory set to: C:\Program Files\VisionMaster4.4.0\Applications
[00:12:45.160] VmCalibHelper starting on port 9101
[00:12:45.175] Loading VM solution: C:\Users\Dennis WS\Gantry Robot\VMSolutions\checkerboard_calib.sol
[00:12:45.207] Resolved assembly: Apps.BaseLog.dll from C:\Program Files\VisionMaster4.4.0\Applications\myLibs
[00:12:45.297] Resolved assembly: UIVersionControlManager.dll from C:\Program Files\VisionMaster4.4.0\Applications\PublicFile\x64
[00:12:45.732] Resolved assembly: VM.Framework.Container.dll from C:\Program Files\VisionMaster4.4.0\Applications\myLibs
[00:12:46.581] Resolved assembly: Apps.ErrorCode.dll from C:\Program Files\VisionMaster4.4.0\Applications\myLibs
[00:12:46.585] VM solution loaded successfully.
[00:12:46.586] TCP server listening on 127.0.0.1:9101
[00:12:46.614] Client connected.
[00:12:46.615] Received: PING
[00:12:46.615] Sent: PONG
[00:12:46.616] Received: STATUS
[00:12:46.616] Sent: OK|LOADED
[00:12:46.616] Received: STATUS
[00:12:46.617] Sent: OK|LOADED
[00:27:01.794] Client error: Unable to read data from the transport connection: An existing connection was forcibly closed by the remote host.
[00:27:01.795] Client disconnected.
[00:27:15.317] Client connected.
[00:27:15.318] Received: PING
[00:27:15.318] Sent: PONG
[00:27:15.319] Received: STATUS
[00:27:15.320] Sent: OK|LOADED
[00:27:15.320] Received: STATUS
[00:27:15.320] Sent: OK|LOADED
[00:27:15.472] Working directory set to: C:\Program Files\VisionMaster4.4.0\Applications
[00:27:15.475] VmCalibHelper starting on port 9101
[00:27:15.489] Loading VM solution: C:\Users\Dennis WS\Gantry Robot\VMSolutions\checkerboard_calib.sol
[00:27:15.656] Resolved assembly: Apps.BaseLog.dll from C:\Program Files\VisionMaster4.4.0\Applications\myLibs
[00:27:15.850] Resolved assembly: UIVersionControlManager.dll from C:\Program Files\VisionMaster4.4.0\Applications\PublicFile\x64
[00:27:17.262] Resolved assembly: VM.Framework.Container.dll from C:\Program Files\VisionMaster4.4.0\Applications\myLibs
[00:27:19.261] Resolved assembly: Apps.ErrorCode.dll from C:\Program Files\VisionMaster4.4.0\Applications\myLibs
[00:27:19.307] VM solution loaded successfully.
[00:41:23.006] Client error: Unable to read data from the transport connection: An existing connection was forcibly closed by the remote host.
[00:41:23.006] Client disconnected.
[00:41:34.504] Working directory set to: C:\Program Files\VisionMaster4.4.0\Applications
[00:41:34.507] VmCalibHelper starting on port 9101
[00:41:34.521] Loading VM solution: C:\Users\Dennis WS\Gantry Robot\VMSolutions\checkerboard_calib.sol
[00:41:34.548] Resolved assembly: Apps.BaseLog.dll from C:\Program Files\VisionMaster4.4.0\Applications\myLibs
[00:41:34.632] Resolved assembly: UIVersionControlManager.dll from C:\Program Files\VisionMaster4.4.0\Applications\PublicFile\x64
[00:41:34.968] Client connected.
[00:41:34.969] Received: PING
[00:41:34.969] Sent: PONG
[00:41:34.969] Received: STATUS
[00:41:34.970] Sent: OK|LOADED
[00:41:34.970] Received: STATUS
[00:41:34.970] Sent: OK|LOADED
[00:41:35.102] Resolved assembly: VM.Framework.Container.dll from C:\Program Files\VisionMaster4.4.0\Applications\myLibs
[00:41:36.953] Resolved assembly: Apps.ErrorCode.dll from C:\Program Files\VisionMaster4.4.0\Applications\myLibs
[00:41:36.957] VM solution loaded successfully.
[00:49:01.755] Client error: Unable to read data from the transport connection: An existing connection was forcibly closed by the remote host.
[00:49:01.756] Client disconnected.
[00:53:52.844] Working directory set to: C:\Program Files\VisionMaster4.4.0\Applications
[00:53:52.847] VmCalibHelper starting on port 9101
[00:53:52.858] Loading VM solution: C:\Users\Dennis WS\Gantry Robot\VMSolutions\checkerboard_calib.sol
[00:53:52.885] Resolved assembly: Apps.BaseLog.dll from C:\Program Files\VisionMaster4.4.0\Applications\myLibs
[00:53:52.968] Resolved assembly: UIVersionControlManager.dll from C:\Program Files\VisionMaster4.4.0\Applications\PublicFile\x64
[00:53:53.309] Client connected.
[00:53:53.310] Received: PING
[00:53:53.310] Sent: PONG
[00:53:53.312] Received: STATUS
[00:53:53.312] Sent: OK|LOADED
[00:53:53.312] Received: STATUS
[00:53:53.313] Sent: OK|LOADED
[00:53:53.427] Resolved assembly: VM.Framework.Container.dll from C:\Program Files\VisionMaster4.4.0\Applications\myLibs
[00:53:56.148] Resolved assembly: Apps.ErrorCode.dll from C:\Program Files\VisionMaster4.4.0\Applications\myLibs
[00:53:56.152] VM solution loaded successfully.
[00:57:57.331] Client error: Unable to read data from the transport connection: An existing connection was forcibly closed by the remote host.
[00:57:57.331] Client disconnected.
[00:59:31.014] Working directory set to: C:\Program Files\VisionMaster4.4.0\Applications
[00:59:31.018] VmCalibHelper starting on port 9101
[00:59:31.030] Loading VM solution: C:\Users\Dennis WS\Gantry Robot\VMSolutions\checkerboard_calib.sol
[00:59:31.056] Resolved assembly: Apps.BaseLog.dll from C:\Program Files\VisionMaster4.4.0\Applications\myLibs
[00:59:31.139] Resolved assembly: UIVersionControlManager.dll from C:\Program Files\VisionMaster4.4.0\Applications\PublicFile\x64
[00:59:31.477] Client connected.
[00:59:31.478] Received: PING
[00:59:31.478] Sent: PONG
[00:59:31.479] Received: STATUS
[00:59:31.480] Sent: OK|LOADED
[00:59:31.480] Received: STATUS
[00:59:31.480] Sent: OK|LOADED
[00:59:31.626] Resolved assembly: VM.Framework.Container.dll from C:\Program Files\VisionMaster4.4.0\Applications\myLibs
[00:59:32.938] Resolved assembly: Apps.ErrorCode.dll from C:\Program Files\VisionMaster4.4.0\Applications\myLibs
[00:59:32.944] VM solution loaded successfully.
[00:59:43.032] Client error: Unable to read data from the transport connection: An existing connection was forcibly closed by the remote host.
[00:59:43.034] Client disconnected.
[11:03:13.663] Client connected.
[11:03:13.663] Received: PING
[11:03:13.664] Sent: PONG
[11:03:13.664] Received: STATUS
[11:03:13.665] Sent: OK|LOADED
[11:03:13.665] Received: STATUS
[11:03:13.665] Sent: OK|LOADED
[11:03:13.763] Working directory set to: C:\Program Files\VisionMaster4.4.0\Applications
[11:03:13.766] VmCalibHelper starting on port 9101
[11:03:13.774] Loading VM solution: C:\Users\Dennis WS\Gantry Robot\VMSolutions\checkerboard_calib.sol
[11:03:13.905] Resolved assembly: Apps.BaseLog.dll from C:\Program Files\VisionMaster4.4.0\Applications\myLibs
[11:03:14.072] Resolved assembly: UIVersionControlManager.dll from C:\Program Files\VisionMaster4.4.0\Applications\PublicFile\x64
[11:03:14.905] Resolved assembly: VM.Framework.Container.dll from C:\Program Files\VisionMaster4.4.0\Applications\myLibs
[11:03:17.806] Resolved assembly: Apps.ErrorCode.dll from C:\Program Files\VisionMaster4.4.0\Applications\myLibs
[11:03:17.836] VM solution loaded successfully.
[11:30:38.938] Client error: Unable to read data from the transport connection: An existing connection was forcibly closed by the remote host.
[11:30:38.938] Client disconnected.
[11:30:50.771] Working directory set to: C:\Program Files\VisionMaster4.4.0\Applications
[11:30:50.776] VmCalibHelper starting on port 9101
[11:30:50.791] Loading VM solution: C:\Users\Dennis WS\Gantry Robot\VMSolutions\checkerboard_calib.sol
[11:30:50.827] Resolved assembly: Apps.BaseLog.dll from C:\Program Files\VisionMaster4.4.0\Applications\myLibs
[11:30:50.929] Resolved assembly: UIVersionControlManager.dll from C:\Program Files\VisionMaster4.4.0\Applications\PublicFile\x64
[11:30:51.211] Client connected.
[11:30:51.212] Received: PING
[11:30:51.212] Sent: PONG
[11:30:51.213] Received: STATUS
[11:30:51.213] Sent: OK|LOADED
[11:30:51.214] Received: STATUS
[11:30:51.214] Sent: OK|LOADED
[11:30:51.508] Resolved assembly: VM.Framework.Container.dll from C:\Program Files\VisionMaster4.4.0\Applications\myLibs
[11:30:52.780] Resolved assembly: Apps.ErrorCode.dll from C:\Program Files\VisionMaster4.4.0\Applications\myLibs
[11:30:52.786] VM solution loaded successfully.
[11:35:24.096] Client error: Unable to read data from the transport connection: An existing connection was forcibly closed by the remote host.
[11:35:24.097] Client disconnected.
[11:35:35.390] Working directory set to: C:\Program Files\VisionMaster4.4.0\Applications
[11:35:35.393] VmCalibHelper starting on port 9101
[11:35:35.401] Loading VM solution: C:\Users\Dennis WS\Gantry Robot\VMSolutions\checkerboard_calib.sol
[11:35:35.426] Resolved assembly: Apps.BaseLog.dll from C:\Program Files\VisionMaster4.4.0\Applications\myLibs
[11:35:35.498] Resolved assembly: UIVersionControlManager.dll from C:\Program Files\VisionMaster4.4.0\Applications\PublicFile\x64
[11:35:35.860] Client connected.
[11:35:35.860] Received: PING
[11:35:35.860] Sent: PONG
[11:35:35.861] Received: STATUS
[11:35:35.861] Sent: OK|LOADED
[11:35:35.861] Received: STATUS
[11:35:35.862] Sent: OK|LOADED
[11:35:36.030] Resolved assembly: VM.Framework.Container.dll from C:\Program Files\VisionMaster4.4.0\Applications\myLibs
[11:35:36.926] Resolved assembly: Apps.ErrorCode.dll from C:\Program Files\VisionMaster4.4.0\Applications\myLibs
[11:35:36.930] VM solution loaded successfully.
[11:36:25.428] Client error: Unable to read data from the transport connection: An existing connection was forcibly closed by the remote host.
[11:36:25.430] Client disconnected.
[11:38:36.357] Working directory set to: C:\Program Files\VisionMaster4.4.0\Applications
[11:38:36.360] VmCalibHelper starting on port 9101
[11:38:36.373] Loading VM solution: C:\Users\Dennis WS\Gantry Robot\VMSolutions\checkerboard_calib.sol
[11:38:36.401] Resolved assembly: Apps.BaseLog.dll from C:\Program Files\VisionMaster4.4.0\Applications\myLibs
[11:38:36.482] Resolved assembly: UIVersionControlManager.dll from C:\Program Files\VisionMaster4.4.0\Applications\PublicFile\x64
[11:38:36.819] Client connected.
[11:38:36.820] Received: PING
[11:38:36.820] Sent: PONG
[11:38:36.821] Received: STATUS
[11:38:36.821] Sent: OK|LOADED
[11:38:36.821] Received: STATUS
[11:38:36.821] Sent: OK|LOADED
[11:38:36.923] Resolved assembly: VM.Framework.Container.dll from C:\Program Files\VisionMaster4.4.0\Applications\myLibs
[11:38:37.991] Resolved assembly: Apps.ErrorCode.dll from C:\Program Files\VisionMaster4.4.0\Applications\myLibs
[11:38:37.996] VM solution loaded successfully.
[11:42:23.403] Client error: Unable to read data from the transport connection: An existing connection was forcibly closed by the remote host.
[11:42:23.403] Client disconnected.
[11:42:34.959] Working directory set to: C:\Program Files\VisionMaster4.4.0\Applications
[11:42:34.963] VmCalibHelper starting on port 9101
[11:42:34.974] Loading VM solution: C:\Users\Dennis WS\Gantry Robot\VMSolutions\checkerboard_calib.sol
[11:42:35.003] Resolved assembly: Apps.BaseLog.dll from C:\Program Files\VisionMaster4.4.0\Applications\myLibs
[11:42:35.085] Resolved assembly: UIVersionControlManager.dll from C:\Program Files\VisionMaster4.4.0\Applications\PublicFile\x64
[11:42:35.423] Client connected.
[11:42:35.423] Received: PING
[11:42:35.423] Sent: PONG
[11:42:35.423] Received: STATUS
[11:42:35.423] Sent: OK|LOADED
[11:42:35.423] Received: STATUS
[11:42:35.424] Sent: OK|LOADED
[11:42:35.464] Resolved assembly: VM.Framework.Container.dll from C:\Program Files\VisionMaster4.4.0\Applications\myLibs
[11:42:36.520] Resolved assembly: Apps.ErrorCode.dll from C:\Program Files\VisionMaster4.4.0\Applications\myLibs
[11:42:36.525] VM solution loaded successfully.
[11:59:52.472] Client error: Unable to read data from the transport connection: An existing connection was forcibly closed by the remote host.
[11:59:52.473] Client disconnected.
[12:00:03.946] Working directory set to: C:\Program Files\VisionMaster4.4.0\Applications
[12:00:03.952] VmCalibHelper starting on port 9101
[12:00:03.962] Loading VM solution: C:\Users\Dennis WS\Gantry Robot\VMSolutions\checkerboard_calib.sol
[12:00:03.989] Resolved assembly: Apps.BaseLog.dll from C:\Program Files\VisionMaster4.4.0\Applications\myLibs
[12:00:04.072] Resolved assembly: UIVersionControlManager.dll from C:\Program Files\VisionMaster4.4.0\Applications\PublicFile\x64
[12:00:04.411] Client connected.
[12:00:04.411] Received: PING
[12:00:04.412] Sent: PONG
[12:00:04.412] Received: STATUS
[12:00:04.412] Sent: OK|LOADED
[12:00:04.412] Received: STATUS
[12:00:04.412] Sent: OK|LOADED
[12:00:04.446] Resolved assembly: VM.Framework.Container.dll from C:\Program Files\VisionMaster4.4.0\Applications\myLibs
[12:00:05.410] Resolved assembly: Apps.ErrorCode.dll from C:\Program Files\VisionMaster4.4.0\Applications\myLibs
[12:00:05.417] VM solution loaded successfully.
[12:00:57.367] Client error: Unable to read data from the transport connection: An existing connection was forcibly closed by the remote host.
[12:00:57.367] Client disconnected.
[12:01:09.477] Working directory set to: C:\Program Files\VisionMaster4.4.0\Applications
[12:01:09.480] VmCalibHelper starting on port 9101
[12:01:09.490] Loading VM solution: C:\Users\Dennis WS\Gantry Robot\VMSolutions\checkerboard_calib.sol
[12:01:09.513] Resolved assembly: Apps.BaseLog.dll from C:\Program Files\VisionMaster4.4.0\Applications\myLibs
[12:01:09.582] Resolved assembly: UIVersionControlManager.dll from C:\Program Files\VisionMaster4.4.0\Applications\PublicFile\x64
[12:01:09.946] Client connected.
[12:01:09.946] Received: PING
[12:01:09.946] Sent: PONG
[12:01:09.947] Received: STATUS
[12:01:09.947] Sent: OK|LOADED
[12:01:09.947] Received: STATUS
[12:01:09.947] Sent: OK|LOADED
[12:01:10.026] Resolved assembly: VM.Framework.Container.dll from C:\Program Files\VisionMaster4.4.0\Applications\myLibs
[12:01:10.791] Resolved assembly: Apps.ErrorCode.dll from C:\Program Files\VisionMaster4.4.0\Applications\myLibs
[12:01:10.795] VM solution loaded successfully.
[12:31:04.047] Working directory set to: C:\Program Files\VisionMaster4.4.0\Applications
[12:31:04.051] VmCalibHelper starting on port 9101
[12:31:04.062] Loading VM solution: C:\Users\Dennis WS\Gantry Robot\VMSolutions\checkerboard_calib.sol
[12:31:04.089] Resolved assembly: Apps.BaseLog.dll from C:\Program Files\VisionMaster4.4.0\Applications\myLibs
[12:31:04.166] Resolved assembly: UIVersionControlManager.dll from C:\Program Files\VisionMaster4.4.0\Applications\PublicFile\x64
[12:31:04.582] Resolved assembly: VM.Framework.Container.dll from C:\Program Files\VisionMaster4.4.0\Applications\myLibs
[12:31:05.363] Resolved assembly: Apps.ErrorCode.dll from C:\Program Files\VisionMaster4.4.0\Applications\myLibs
[12:31:05.368] VM solution loaded successfully.
[12:31:05.368] TCP server listening on 127.0.0.1:9101
[12:31:05.517] Client connected.
[12:31:05.518] Received: PING
[12:31:05.518] Sent: PONG
[12:31:05.520] Received: STATUS
[12:31:05.520] Sent: OK|LOADED
[12:31:05.520] Received: STATUS
[12:31:05.520] Sent: OK|LOADED
[13:09:57.926] Received: DETECT_GRID:C:\Users\Dennis WS\AppData\Local\Temp\VisionBridge\calib_frame.bmp,59,59,1
[13:09:59.702] Resolved assembly: System.Windows.Interactivity.dll from C:\Program Files\VisionMaster4.4.0\Development\V4.x\ComControls\Assembly
[13:10:01.677] Resolved assembly: VM.CommonData.dll from C:\Program Files\VisionMaster4.4.0\Applications\myLibs
[13:10:02.348] Set ImageSourceType = LocalImage (typed)
[13:10:02.349] Called SetImagePath(C:\Users\Dennis WS\AppData\Local\Temp\VisionBridge\calib_frame.bmp) (typed)
[13:10:02.350] Running procedure '流程1'...
[13:10:02.358] Resolved assembly: iMVS-6000PlatformSDKCS.dll from C:\Program Files\VisionMaster4.4.0\Applications\PublicFile\x64
[13:10:02.763] CalibBoard status=1, corners=35, RMS=0.1835, Scale=578.62
[13:10:02.763] Detected 35 corners, RMS=0.1835mm, Scale=578.62px/mm
[13:10:02.764]   TranslateX=-74.8989 TranslateY=-260.3559
[13:10:02.764]   Rotate=0.001764 Skew=0.000034 Aspect=0.999881
[13:10:02.764]   Origin=(0.000,0.000)
[13:10:02.764]   PosXVec=(0.999998,0.001774)
[13:10:02.765]   PosYVec=(-0.001799,0.999999)
[13:10:02.765]   PixelPrecision=0.0017
[13:10:02.765] Corner V range: 319.0 to 2639.3 (span=2320.4px)
[13:10:02.765] Sent: OK|35|0.183458|578.618000|TX:-74.898930|TY:-260.355900|ROT:0.00176436|SKEW:0.00003385|ASPECT:0.99988050|OX:0.0000|OY:0.0...
[13:10:08.598] Received: DETECT_GRID:C:\Users\Dennis WS\AppData\Local\Temp\VisionBridge\calib_frame.bmp,59,59,1
[13:10:08.598] Set ImageSourceType = LocalImage (typed)
[13:10:08.598] Called SetImagePath(C:\Users\Dennis WS\AppData\Local\Temp\VisionBridge\calib_frame.bmp) (typed)
[13:10:08.600] Running procedure '流程1'...
[13:10:08.981] CalibBoard status=1, corners=35, RMS=0.1848, Scale=578.61
[13:10:08.981] Detected 35 corners, RMS=0.1848mm, Scale=578.61px/mm
[13:10:08.981]   TranslateX=-74.8770 TranslateY=-260.3443
[13:10:08.982]   Rotate=0.001757 Skew=0.000045 Aspect=0.999903
[13:10:08.982]   Origin=(0.000,0.000)
[13:10:08.982]   PosXVec=(0.999998,0.001767)
[13:10:08.982]   PosYVec=(-0.001803,0.999998)
[13:10:08.982]   PixelPrecision=0.0017
[13:10:08.982] Corner V range: 319.0 to 2639.3 (span=2320.4px)
[13:10:08.983] Sent: OK|35|0.184798|578.610800|TX:-74.876950|TY:-260.344300|ROT:0.00175707|SKEW:0.00004542|ASPECT:0.99990280|OX:0.0000|OY:0.0...
[13:31:22.095] Client error: Unable to read data from the transport connection: An existing connection was forcibly closed by the remote host.
[13:31:22.096] Client disconnected.
[13:37:34.040] Client connected.
[13:37:34.040] Received: PING
[13:37:34.041] Sent: PONG
[13:37:34.042] Received: STATUS
[13:37:34.042] Sent: OK|LOADED
[13:37:34.042] Received: STATUS
[13:37:34.042] Sent: OK|LOADED
[13:37:34.215] Working directory set to: C:\Program Files\VisionMaster4.4.0\Applications
[13:37:34.220] VmCalibHelper starting on port 9101
[13:37:34.244] Loading VM solution: C:\Users\Dennis WS\Gantry Robot\VMSolutions\checkerboard_calib.sol
[13:37:34.468] Resolved assembly: Apps.BaseLog.dll from C:\Program Files\VisionMaster4.4.0\Applications\myLibs
[13:37:34.673] Resolved assembly: UIVersionControlManager.dll from C:\Program Files\VisionMaster4.4.0\Applications\PublicFile\x64
[13:37:35.621] Resolved assembly: VM.Framework.Container.dll from C:\Program Files\VisionMaster4.4.0\Applications\myLibs
[13:37:36.987] Resolved assembly: Apps.ErrorCode.dll from C:\Program Files\VisionMaster4.4.0\Applications\myLibs
[13:37:37.050] VM solution loaded successfully.
[13:46:48.789] Client error: Unable to read data from the transport connection: An existing connection was forcibly closed by the remote host.
[13:46:48.790] Client disconnected.
[13:51:04.662] Working directory set to: C:\Program Files\VisionMaster4.4.0\Applications
[13:51:04.666] VmCalibHelper starting on port 9101
[13:51:04.680] Loading VM solution: C:\Users\Dennis WS\Gantry Robot\VMSolutions\checkerboard_calib.sol
[13:51:04.706] Resolved assembly: Apps.BaseLog.dll from C:\Program Files\VisionMaster4.4.0\Applications\myLibs
[13:51:04.792] Resolved assembly: UIVersionControlManager.dll from C:\Program Files\VisionMaster4.4.0\Applications\PublicFile\x64
[13:51:05.112] Client connected.
[13:51:05.113] Received: PING
[13:51:05.113] Sent: PONG
[13:51:05.114] Received: STATUS
[13:51:05.114] Sent: OK|LOADED
[13:51:05.114] Received: STATUS
[13:51:05.114] Sent: OK|LOADED
[13:51:05.240] Resolved assembly: VM.Framework.Container.dll from C:\Program Files\VisionMaster4.4.0\Applications\myLibs
[13:51:06.712] Resolved assembly: Apps.ErrorCode.dll from C:\Program Files\VisionMaster4.4.0\Applications\myLibs
[13:51:06.719] VM solution loaded successfully.
